Build started 05-09-2012 02:14:45.
     1>Project "C:\Users\niels\Documents\GitHub\Platform-Engine\PlatformEngine\PlatformEngine\PlatformEngine.vcxproj" on node 2 (build target(s)).
     1>InitializeBuildStatus:
         Creating "Debug\PlatformEngine.unsuccessfulbuild" because "AlwaysCreate" was specified.
       ClCompile:
         c:\Program Files\Microsoft Visual Studio 10.0\VC\bin\CL.exe /c /ZI /nologo /W3 /WX- /Od /Oy- /D _MBCS /Gm /EHsc /RTC1 /MDd /GS /fp:precise /Zc:wchar_t /Zc:forScope /Fo"Debug\\" /Fd"Debug\vc100.pdb" /Gd /TP /analyze- /errorReport:prompt MapController.cpp
         MapController.cpp
     1>c:\users\niels\documents\github\platform-engine\platformengine\platformengine\mapcontroller.cpp(49): warning C4018: '<' : signed/unsigned mismatch
       Link:
         c:\Program Files\Microsoft Visual Studio 10.0\VC\bin\link.exe /ERRORREPORT:PROMPT /OUT:"C:\Users\niels\Documents\GitHub\Platform-Engine\PlatformEngine\Debug\PlatformEngine.exe" /NOLOGO SDL.lib SDLmain.lib SDL_image.lib kernel32.lib user32.lib gdi32.lib winspool.lib comdlg32.lib advapi32.lib shell32.lib ole32.lib oleaut32.lib uuid.lib odbc32.lib odbccp32.lib /MANIFEST /ManifestFile:"Debug\PlatformEngine.exe.intermediate.manifest" /MANIFESTUAC:"level='asInvoker' uiAccess='false'" /DEBUG /PDB:"C:\Users\niels\Documents\GitHub\Platform-Engine\PlatformEngine\Debug\PlatformEngine.pdb" /SUBSYSTEM:WINDOWS /TLBID:1 /DYNAMICBASE /NXCOMPAT /IMPLIB:"C:\Users\niels\Documents\GitHub\Platform-Engine\PlatformEngine\Debug\PlatformEngine.lib" /MACHINE:X86 Debug\Level.obj
         Debug\main.obj
         Debug\Sprite.obj
         Debug\MapController.obj
         LINK : C:\Users\niels\Documents\GitHub\Platform-Engine\PlatformEngine\Debug\PlatformEngine.exe not found or not built by the last incremental link; performing full link
     1>MSVCRTD.lib(cinitexe.obj) : warning LNK4098: defaultlib 'msvcrt.lib' conflicts with use of other libs; use /NODEFAULTLIB:library
         PlatformEngine.vcxproj -> C:\Users\niels\Documents\GitHub\Platform-Engine\PlatformEngine\Debug\PlatformEngine.exe
       Manifest:
         C:\Program Files\Microsoft SDKs\Windows\v7.0A\bin\mt.exe /nologo /verbose /outputresource:"C:\Users\niels\Documents\GitHub\Platform-Engine\PlatformEngine\Debug\PlatformEngine.exe;#1" /manifest Debug\PlatformEngine.exe.intermediate.manifest
       FinalizeBuildStatus:
         Deleting file "Debug\PlatformEngine.unsuccessfulbuild".
         Touching "Debug\PlatformEngine.lastbuildstate".
     1>Done Building Project "C:\Users\niels\Documents\GitHub\Platform-Engine\PlatformEngine\PlatformEngine\PlatformEngine.vcxproj" (build target(s)).

Build succeeded.

Time Elapsed 00:00:01.20
