C:\USERS\NIELS\DOCUMENTS\GITHUB\PLATFORM-ENGINE\PLATFORMENGINE\DEBUG\PLATFORMENGINE.EXE
C:\USERS\NIELS\DOCUMENTS\GITHUB\PLATFORM-ENGINE\PLATFORMENGINE\DEBUG\PLATFORMENGINE.ILK
C:\USERS\NIELS\DOCUMENTS\GITHUB\PLATFORM-ENGINE\PLATFORMENGINE\DEBUG\PLATFORMENGINE.PDB
C:\USERS\NIELS\DOCUMENTS\GITHUB\PLATFORM-ENGINE\PLATFORMENGINE\PLATFORMENGINE\DEBUG\CAMERA.OBJ
C:\USERS\NIELS\DOCUMENTS\GITHUB\PLATFORM-ENGINE\PLATFORMENGINE\PLATFORMENGINE\DEBUG\CHARACTER.OBJ
C:\Users\niels\Documents\GitHub\Platform-Engine\PlatformEngine\PlatformEngine\Debug\cl.command.1.tlog
C:\Users\niels\Documents\GitHub\Platform-Engine\PlatformEngine\PlatformEngine\Debug\CL.read.1.tlog
C:\Users\niels\Documents\GitHub\Platform-Engine\PlatformEngine\PlatformEngine\Debug\CL.write.1.tlog
C:\USERS\NIELS\DOCUMENTS\GITHUB\PLATFORM-ENGINE\PLATFORMENGINE\PLATFORMENGINE\DEBUG\COLLISIONBOX.OBJ
C:\USERS\NIELS\DOCUMENTS\GITHUB\PLATFORM-ENGINE\PLATFORMENGINE\PLATFORMENGINE\DEBUG\INPUTCONTROLLER.OBJ
C:\USERS\NIELS\DOCUMENTS\GITHUB\PLATFORM-ENGINE\PLATFORMENGINE\PLATFORMENGINE\DEBUG\LEVEL.OBJ
C:\Users\niels\Documents\GitHub\Platform-Engine\PlatformEngine\PlatformEngine\Debug\link.command.1.tlog
C:\Users\niels\Documents\GitHub\Platform-Engine\PlatformEngine\PlatformEngine\Debug\link.read.1.tlog
C:\Users\niels\Documents\GitHub\Platform-Engine\PlatformEngine\PlatformEngine\Debug\link.write.1.tlog
C:\USERS\NIELS\DOCUMENTS\GITHUB\PLATFORM-ENGINE\PLATFORMENGINE\PLATFORMENGINE\DEBUG\MAIN.OBJ
C:\USERS\NIELS\DOCUMENTS\GITHUB\PLATFORM-ENGINE\PLATFORMENGINE\PLATFORMENGINE\DEBUG\MAPCONTROLLER.OBJ
C:\Users\niels\Documents\GitHub\Platform-Engine\PlatformEngine\PlatformEngine\Debug\mt.command.1.tlog
C:\Users\niels\Documents\GitHub\Platform-Engine\PlatformEngine\PlatformEngine\Debug\mt.read.1.tlog
C:\Users\niels\Documents\GitHub\Platform-Engine\PlatformEngine\PlatformEngine\Debug\mt.write.1.tlog
C:\USERS\NIELS\DOCUMENTS\GITHUB\PLATFORM-ENGINE\PLATFORMENGINE\PLATFORMENGINE\DEBUG\PHYSICSCONTROLLER.OBJ
C:\USERS\NIELS\DOCUMENTS\GITHUB\PLATFORM-ENGINE\PLATFORMENGINE\PLATFORMENGINE\DEBUG\PLATFORMENGINE.EXE.INTERMEDIATE.MANIFEST
C:\USERS\NIELS\DOCUMENTS\GITHUB\PLATFORM-ENGINE\PLATFORMENGINE\PLATFORMENGINE\DEBUG\POINT2D.OBJ
C:\USERS\NIELS\DOCUMENTS\GITHUB\PLATFORM-ENGINE\PLATFORMENGINE\PLATFORMENGINE\DEBUG\SPRITE.OBJ
C:\Users\niels\Documents\GitHub\Platform-Engine\PlatformEngine\PlatformEngine\Debug\vc100.idb
C:\USERS\NIELS\DOCUMENTS\GITHUB\PLATFORM-ENGINE\PLATFORMENGINE\PLATFORMENGINE\DEBUG\VC100.PDB
